<?xml version="1.0" encoding="UTF-8"?>
<testng-results skipped="0" failed="0" ignored="0" total="5" passed="5">
  <reporter-output>
  </reporter-output>
  <suite name="Surefire suite" duration-ms="23808" started-at="2022-01-27T11:59:31 IST" finished-at="2022-01-27T11:59:55 IST">
    <groups>
      <group name="cucumber">
        <method signature="AbstractTestNGCucumberTests.runScenario(io.cucumber.testng.PickleWrapper, io.cucumber.testng.FeatureWrapper)[pri:0, instance:testrunners.TestngParallelRunSet@5b87ed94]" name="runScenario" class="io.cucumber.testng.AbstractTestNGCucumberTests"/>
      </group> <!-- cucumber -->
    </groups>
    <test name="Surefire test" duration-ms="23808" started-at="2022-01-27T11:59:31 IST" finished-at="2022-01-27T11:59:55 IST">
      <class name="testrunners.TestngParallelRunSet">
        <test-method status="PASS" signature="setUpClass()[pri:0, instance:testrunners.TestngParallelRunSet@5b87ed94]" name="setUpClass" is-config="true" duration-ms="1704" started-at="2022-01-27T11:59:31 IST" finished-at="2022-01-27T11:59:33 IST">
          <reporter-output>
          </reporter-output>
        </test-method> <!-- setUpClass -->
        <test-method status="PASS" signature="runScenario(io.cucumber.testng.PickleWrapper, io.cucumber.testng.FeatureWrapper)[pri:0, instance:testrunners.TestngParallelRunSet@5b87ed94]" name="runScenario" duration-ms="14904" started-at="2022-01-27T11:59:33 IST" description="Runs Cucumber Scenarios" data-provider="scenarios" finished-at="2022-01-27T11:59:48 IST">
          <params>
            <param index="0">
              <value>
                <![CDATA["Home page title"]]>
              </value>
            </param>
            <param index="1">
              <value>
                <![CDATA["Optional[Account Page Feature]"]]>
              </value>
            </param>
          </params>
          <reporter-output>
          </reporter-output>
        </test-method> <!-- runScenario -->
        <test-method status="PASS" signature="runScenario(io.cucumber.testng.PickleWrapper, io.cucumber.testng.FeatureWrapper)[pri:0, instance:testrunners.TestngParallelRunSet@5b87ed94]" name="runScenario" duration-ms="16500" started-at="2022-01-27T11:59:33 IST" description="Runs Cucumber Scenarios" data-provider="scenarios" finished-at="2022-01-27T11:59:49 IST">
          <params>
            <param index="0">
              <value>
                <![CDATA["Menu section count"]]>
              </value>
            </param>
            <param index="1">
              <value>
                <![CDATA["Optional[Account Page Feature]"]]>
              </value>
            </param>
          </params>
          <reporter-output>
          </reporter-output>
        </test-method> <!-- runScenario -->
        <test-method status="PASS" signature="runScenario(io.cucumber.testng.PickleWrapper, io.cucumber.testng.FeatureWrapper)[pri:0, instance:testrunners.TestngParallelRunSet@5b87ed94]" name="runScenario" duration-ms="14932" started-at="2022-01-27T11:59:33 IST" description="Runs Cucumber Scenarios" data-provider="scenarios" finished-at="2022-01-27T11:59:48 IST">
          <params>
            <param index="0">
              <value>
                <![CDATA["Forgot Password link"]]>
              </value>
            </param>
            <param index="1">
              <value>
                <![CDATA["Optional[Login page feature]"]]>
              </value>
            </param>
          </params>
          <reporter-output>
          </reporter-output>
        </test-method> <!-- runScenario -->
        <test-method status="PASS" signature="runScenario(io.cucumber.testng.PickleWrapper, io.cucumber.testng.FeatureWrapper)[pri:0, instance:testrunners.TestngParallelRunSet@5b87ed94]" name="runScenario" duration-ms="14932" started-at="2022-01-27T11:59:33 IST" description="Runs Cucumber Scenarios" data-provider="scenarios" finished-at="2022-01-27T11:59:48 IST">
          <params>
            <param index="0">
              <value>
                <![CDATA["Login page title"]]>
              </value>
            </param>
            <param index="1">
              <value>
                <![CDATA["Optional[Login page feature]"]]>
              </value>
            </param>
          </params>
          <reporter-output>
          </reporter-output>
        </test-method> <!-- runScenario -->
        <test-method status="PASS" signature="runScenario(io.cucumber.testng.PickleWrapper, io.cucumber.testng.FeatureWrapper)[pri:0, instance:testrunners.TestngParallelRunSet@5b87ed94]" name="runScenario" duration-ms="14946" started-at="2022-01-27T11:59:33 IST" description="Runs Cucumber Scenarios" data-provider="scenarios" finished-at="2022-01-27T11:59:48 IST">
          <params>
            <param index="0">
              <value>
                <![CDATA["Login with correct credentials"]]>
              </value>
            </param>
            <param index="1">
              <value>
                <![CDATA["Optional[Login page feature]"]]>
              </value>
            </param>
          </params>
          <reporter-output>
          </reporter-output>
        </test-method> <!-- runScenario -->
        <test-method status="PASS" signature="tearDownClass()[pri:0, instance:testrunners.TestngParallelRunSet@5b87ed94]" name="tearDownClass" is-config="true" duration-ms="5511" started-at="2022-01-27T11:59:49 IST" finished-at="2022-01-27T11:59:55 IST">
          <reporter-output>
          </reporter-output>
        </test-method> <!-- tearDownClass -->
      </class> <!-- testrunners.TestngParallelRunSet -->
    </test> <!-- Surefire test -->
  </suite> <!-- Surefire suite -->
</testng-results>
