<?xml version="1.0" encoding="UTF-8"?>
<testng-results ignored="0" total="0" passed="0" failed="0" skipped="0">
  <reporter-output>
  </reporter-output>
  <suite started-at="2022-01-28T12:12:22 IST" name="Default suite" finished-at="2022-01-28T12:12:27 IST" duration-ms="4893">
    <groups>
      <group name="cucumber">
        <method signature="AbstractTestNGCucumberTests.runScenario(io.cucumber.testng.PickleWrapper, io.cucumber.testng.FeatureWrapper)[pri:0, instance:testrunners.FailedScenariosRunSet@67c33749]" name="runScenario" class="io.cucumber.testng.AbstractTestNGCucumberTests"/>
      </group> <!-- cucumber -->
    </groups>
    <test started-at="2022-01-28T12:12:22 IST" name="Default test" finished-at="2022-01-28T12:12:27 IST" duration-ms="4893">
      <class name="testrunners.FailedScenariosRunSet">
        <test-method is-config="true" signature="setUpClass()[pri:0, instance:testrunners.FailedScenariosRunSet@67c33749]" started-at="2022-01-28T12:12:22 IST" name="setUpClass" finished-at="2022-01-28T12:12:23 IST" duration-ms="1170" status="PASS">
          <reporter-output>
          </reporter-output>
        </test-method> <!-- setUpClass -->
        <test-method is-config="true" signature="tearDownClass()[pri:0, instance:testrunners.FailedScenariosRunSet@67c33749]" started-at="2022-01-28T12:12:23 IST" name="tearDownClass" finished-at="2022-01-28T12:12:27 IST" duration-ms="3673" status="PASS">
          <reporter-output>
          </reporter-output>
        </test-method> <!-- tearDownClass -->
      </class> <!-- testrunners.FailedScenariosRunSet -->
    </test> <!-- Default test -->
  </suite> <!-- Default suite -->
</testng-results>
